mode: set
github.com/indeedhat/rectangled/math.go:4.24,5.11 1 1
github.com/indeedhat/rectangled/math.go:9.2,9.10 1 1
github.com/indeedhat/rectangled/math.go:5.11,7.3 1 1
github.com/indeedhat/rectangled/math.go:13.24,14.11 1 1
github.com/indeedhat/rectangled/math.go:18.2,18.10 1 1
github.com/indeedhat/rectangled/math.go:14.11,16.3 1 1
github.com/indeedhat/rectangled/math.go:22.21,23.11 1 1
github.com/indeedhat/rectangled/math.go:27.2,27.10 1 1
github.com/indeedhat/rectangled/math.go:23.11,25.3 1 1
github.com/indeedhat/rectangled/rectangle.go:27.61,35.2 1 1
github.com/indeedhat/rectangled/rectangle.go:38.61,39.46 1 1
github.com/indeedhat/rectangled/rectangle.go:43.2,43.46 1 1
github.com/indeedhat/rectangled/rectangle.go:47.2,47.13 1 1
github.com/indeedhat/rectangled/rectangle.go:39.46,41.3 1 1
github.com/indeedhat/rectangled/rectangle.go:43.46,45.3 1 1
github.com/indeedhat/rectangled/rectangle.go:53.77,54.28 1 1
github.com/indeedhat/rectangled/rectangle.go:58.2,69.17 2 1
github.com/indeedhat/rectangled/rectangle.go:54.28,56.3 1 1
github.com/indeedhat/rectangled/rectangle.go:81.60,83.42 1 1
github.com/indeedhat/rectangled/rectangle.go:88.2,89.42 1 1
github.com/indeedhat/rectangled/rectangle.go:94.2,95.42 1 1
github.com/indeedhat/rectangled/rectangle.go:100.2,101.42 1 1
github.com/indeedhat/rectangled/rectangle.go:106.2,106.20 1 1
github.com/indeedhat/rectangled/rectangle.go:83.42,86.3 1 1
github.com/indeedhat/rectangled/rectangle.go:89.42,92.3 1 1
github.com/indeedhat/rectangled/rectangle.go:95.42,98.3 1 1
github.com/indeedhat/rectangled/rectangle.go:101.42,104.3 1 1
github.com/indeedhat/rectangled/rectangle.go:110.37,112.2 1 1
github.com/indeedhat/rectangled/rectangle.go:118.43,119.22 1 1
github.com/indeedhat/rectangled/rectangle.go:123.2,123.40 1 1
github.com/indeedhat/rectangled/rectangle.go:127.2,127.12 1 1
github.com/indeedhat/rectangled/rectangle.go:119.22,121.3 1 1
github.com/indeedhat/rectangled/rectangle.go:123.40,125.3 1 1
github.com/indeedhat/rectangled/set.go:19.78,28.32 2 1
github.com/indeedhat/rectangled/set.go:34.2,34.17 1 1
github.com/indeedhat/rectangled/set.go:28.32,29.48 1 1
github.com/indeedhat/rectangled/set.go:29.48,31.4 1 1
github.com/indeedhat/rectangled/set.go:38.58,39.40 1 1
github.com/indeedhat/rectangled/set.go:43.2,43.30 1 1
github.com/indeedhat/rectangled/set.go:47.2,50.12 3 1
github.com/indeedhat/rectangled/set.go:39.40,41.3 1 1
github.com/indeedhat/rectangled/set.go:43.30,45.3 1 1
github.com/indeedhat/rectangled/set.go:55.45,56.36 1 1
github.com/indeedhat/rectangled/set.go:56.36,59.3 2 1
github.com/indeedhat/rectangled/set.go:67.67,70.39 2 1
github.com/indeedhat/rectangled/set.go:76.2,76.20 1 1
github.com/indeedhat/rectangled/set.go:70.39,71.25 1 1
github.com/indeedhat/rectangled/set.go:71.25,73.4 1 1
github.com/indeedhat/rectangled/set.go:84.66,87.39 2 1
github.com/indeedhat/rectangled/set.go:93.2,93.17 1 1
github.com/indeedhat/rectangled/set.go:87.39,88.39 1 1
github.com/indeedhat/rectangled/set.go:88.39,90.4 1 1
github.com/indeedhat/rectangled/set.go:98.46,100.2 1 1
github.com/indeedhat/rectangled/set.go:105.52,108.36 2 1
github.com/indeedhat/rectangled/set.go:118.2,118.23 1 1
github.com/indeedhat/rectangled/set.go:108.36,116.3 1 1
github.com/indeedhat/rectangled/set.go:125.52,128.36 2 1
github.com/indeedhat/rectangled/set.go:138.2,138.16 1 1
github.com/indeedhat/rectangled/set.go:128.36,129.20 1 1
github.com/indeedhat/rectangled/set.go:129.20,131.4 1 1
github.com/indeedhat/rectangled/set.go:131.9,131.31 1 1
github.com/indeedhat/rectangled/set.go:131.31,133.4 1 1
github.com/indeedhat/rectangled/set.go:133.9,133.53 1 1
github.com/indeedhat/rectangled/set.go:133.53,135.4 1 1
github.com/indeedhat/rectangled/set.go:145.53,148.36 2 1
github.com/indeedhat/rectangled/set.go:158.2,158.16 1 1
github.com/indeedhat/rectangled/set.go:148.36,149.20 1 1
github.com/indeedhat/rectangled/set.go:149.20,151.4 1 1
github.com/indeedhat/rectangled/set.go:151.9,151.31 1 1
github.com/indeedhat/rectangled/set.go:151.31,153.4 1 1
github.com/indeedhat/rectangled/set.go:153.9,153.53 1 1
github.com/indeedhat/rectangled/set.go:153.53,155.4 1 1
github.com/indeedhat/rectangled/set.go:165.55,168.36 2 1
github.com/indeedhat/rectangled/set.go:178.2,178.16 1 1
github.com/indeedhat/rectangled/set.go:168.36,169.20 1 1
github.com/indeedhat/rectangled/set.go:169.20,171.4 1 1
github.com/indeedhat/rectangled/set.go:171.9,171.31 1 1
github.com/indeedhat/rectangled/set.go:171.31,173.4 1 1
github.com/indeedhat/rectangled/set.go:173.9,173.53 1 1
github.com/indeedhat/rectangled/set.go:173.53,175.4 1 1
github.com/indeedhat/rectangled/set.go:185.56,188.36 2 1
github.com/indeedhat/rectangled/set.go:198.2,198.16 1 1
github.com/indeedhat/rectangled/set.go:188.36,189.20 1 1
github.com/indeedhat/rectangled/set.go:189.20,191.4 1 1
github.com/indeedhat/rectangled/set.go:191.9,191.31 1 1
github.com/indeedhat/rectangled/set.go:191.31,193.4 1 1
github.com/indeedhat/rectangled/set.go:193.9,193.53 1 1
github.com/indeedhat/rectangled/set.go:193.53,195.4 1 1
github.com/indeedhat/rectangled/edges.go:9.31,10.11 1 1
github.com/indeedhat/rectangled/edges.go:11.11,12.15 1 1
github.com/indeedhat/rectangled/edges.go:13.13,14.17 1 1
github.com/indeedhat/rectangled/edges.go:15.14,16.18 1 1
github.com/indeedhat/rectangled/edges.go:17.12,18.16 1 1
github.com/indeedhat/rectangled/edges.go:20.10,21.19 1 1
