mode: set
github.com/indeedhat/rectangled/edges.go:9.31,10.11 1 1
github.com/indeedhat/rectangled/edges.go:11.11,12.15 1 1
github.com/indeedhat/rectangled/edges.go:13.13,14.17 1 1
github.com/indeedhat/rectangled/edges.go:15.14,16.18 1 1
github.com/indeedhat/rectangled/edges.go:17.12,18.16 1 1
github.com/indeedhat/rectangled/edges.go:20.10,21.19 1 1
github.com/indeedhat/rectangled/math.go:4.24,5.11 1 1
github.com/indeedhat/rectangled/math.go:9.2,9.10 1 1
github.com/indeedhat/rectangled/math.go:5.11,7.3 1 1
github.com/indeedhat/rectangled/math.go:13.24,14.11 1 1
github.com/indeedhat/rectangled/math.go:18.2,18.10 1 1
github.com/indeedhat/rectangled/math.go:14.11,16.3 1 1
github.com/indeedhat/rectangled/math.go:22.21,23.11 1 1
github.com/indeedhat/rectangled/math.go:27.2,27.10 1 1
github.com/indeedhat/rectangled/math.go:23.11,25.3 1 1
github.com/indeedhat/rectangled/rectangle.go:27.61,35.2 1 1
github.com/indeedhat/rectangled/rectangle.go:38.37,40.2 1 1
github.com/indeedhat/rectangled/rectangle.go:43.38,45.2 1 1
github.com/indeedhat/rectangled/rectangle.go:48.39,50.2 1 1
github.com/indeedhat/rectangled/rectangle.go:53.61,54.46 1 1
github.com/indeedhat/rectangled/rectangle.go:58.2,58.46 1 1
github.com/indeedhat/rectangled/rectangle.go:62.2,62.13 1 1
github.com/indeedhat/rectangled/rectangle.go:54.46,56.3 1 1
github.com/indeedhat/rectangled/rectangle.go:58.46,60.3 1 1
github.com/indeedhat/rectangled/rectangle.go:68.77,69.28 1 1
github.com/indeedhat/rectangled/rectangle.go:73.2,84.17 2 1
github.com/indeedhat/rectangled/rectangle.go:69.28,71.3 1 1
github.com/indeedhat/rectangled/rectangle.go:90.62,93.42 2 1
github.com/indeedhat/rectangled/rectangle.go:98.2,99.42 1 1
github.com/indeedhat/rectangled/rectangle.go:104.2,105.42 1 1
github.com/indeedhat/rectangled/rectangle.go:110.2,111.42 1 1
github.com/indeedhat/rectangled/rectangle.go:116.2,116.14 1 1
github.com/indeedhat/rectangled/rectangle.go:93.42,96.3 1 1
github.com/indeedhat/rectangled/rectangle.go:99.42,102.3 1 1
github.com/indeedhat/rectangled/rectangle.go:105.42,108.3 1 1
github.com/indeedhat/rectangled/rectangle.go:111.42,114.3 1 1
github.com/indeedhat/rectangled/rectangle.go:123.43,124.22 1 1
github.com/indeedhat/rectangled/rectangle.go:128.2,128.40 1 1
github.com/indeedhat/rectangled/rectangle.go:132.2,132.12 1 1
github.com/indeedhat/rectangled/rectangle.go:124.22,126.3 1 1
github.com/indeedhat/rectangled/rectangle.go:128.40,130.3 1 1
github.com/indeedhat/rectangled/set.go:19.78,28.32 2 1
github.com/indeedhat/rectangled/set.go:34.2,34.17 1 1
github.com/indeedhat/rectangled/set.go:28.32,29.48 1 1
github.com/indeedhat/rectangled/set.go:29.48,31.4 1 1
github.com/indeedhat/rectangled/set.go:38.58,39.40 1 1
github.com/indeedhat/rectangled/set.go:43.2,43.30 1 1
github.com/indeedhat/rectangled/set.go:47.2,50.12 3 1
github.com/indeedhat/rectangled/set.go:39.40,41.3 1 1
github.com/indeedhat/rectangled/set.go:43.30,45.3 1 1
github.com/indeedhat/rectangled/set.go:55.45,56.36 1 1
github.com/indeedhat/rectangled/set.go:56.36,59.3 2 1
github.com/indeedhat/rectangled/set.go:67.67,70.39 2 1
github.com/indeedhat/rectangled/set.go:76.2,76.20 1 1
github.com/indeedhat/rectangled/set.go:70.39,71.25 1 1
github.com/indeedhat/rectangled/set.go:71.25,73.4 1 1
github.com/indeedhat/rectangled/set.go:84.66,87.39 2 1
github.com/indeedhat/rectangled/set.go:93.2,93.17 1 1
github.com/indeedhat/rectangled/set.go:87.39,88.31 1 1
github.com/indeedhat/rectangled/set.go:88.31,90.4 1 1
github.com/indeedhat/rectangled/set.go:98.46,100.2 1 1
github.com/indeedhat/rectangled/set.go:105.52,108.36 2 1
github.com/indeedhat/rectangled/set.go:118.2,118.23 1 1
github.com/indeedhat/rectangled/set.go:108.36,116.3 1 1
github.com/indeedhat/rectangled/set.go:125.52,128.36 2 1
github.com/indeedhat/rectangled/set.go:138.2,138.16 1 1
github.com/indeedhat/rectangled/set.go:128.36,129.20 1 1
github.com/indeedhat/rectangled/set.go:129.20,131.4 1 1
github.com/indeedhat/rectangled/set.go:131.9,131.31 1 1
github.com/indeedhat/rectangled/set.go:131.31,133.4 1 1
github.com/indeedhat/rectangled/set.go:133.9,133.53 1 1
github.com/indeedhat/rectangled/set.go:133.53,135.4 1 1
github.com/indeedhat/rectangled/set.go:145.53,148.36 2 1
github.com/indeedhat/rectangled/set.go:158.2,158.16 1 1
github.com/indeedhat/rectangled/set.go:148.36,149.20 1 1
github.com/indeedhat/rectangled/set.go:149.20,151.4 1 1
github.com/indeedhat/rectangled/set.go:151.9,151.31 1 1
github.com/indeedhat/rectangled/set.go:151.31,153.4 1 1
github.com/indeedhat/rectangled/set.go:153.9,153.53 1 1
github.com/indeedhat/rectangled/set.go:153.53,155.4 1 1
github.com/indeedhat/rectangled/set.go:165.55,168.36 2 1
github.com/indeedhat/rectangled/set.go:178.2,178.16 1 1
github.com/indeedhat/rectangled/set.go:168.36,169.20 1 1
github.com/indeedhat/rectangled/set.go:169.20,171.4 1 1
github.com/indeedhat/rectangled/set.go:171.9,171.31 1 1
github.com/indeedhat/rectangled/set.go:171.31,173.4 1 1
github.com/indeedhat/rectangled/set.go:173.9,173.53 1 1
github.com/indeedhat/rectangled/set.go:173.53,175.4 1 1
github.com/indeedhat/rectangled/set.go:185.56,188.36 2 1
github.com/indeedhat/rectangled/set.go:198.2,198.16 1 1
github.com/indeedhat/rectangled/set.go:188.36,189.20 1 1
github.com/indeedhat/rectangled/set.go:189.20,191.4 1 1
github.com/indeedhat/rectangled/set.go:191.9,191.31 1 1
github.com/indeedhat/rectangled/set.go:191.31,193.4 1 1
github.com/indeedhat/rectangled/set.go:193.9,193.53 1 1
github.com/indeedhat/rectangled/set.go:193.53,195.4 1 1
